<?xml version="1.0" encoding="UTF-8"?>
<!-- Generated by org.testng.reporters.JUnitXMLReporter -->
<testsuite ignored="0" hostname="DESKTOP-RL1081V" failures="0" tests="2" name="Default test(failed)" time="0.096" errors="0" timestamp="2022-02-23T00:12:20 IST">
  <testcase classname="testNG.TestNG" name="@BeforeTest launchBrowser" time="-1.645555340442E9">
    <failure type="org.testng.TestNGException" message="
Parameter &amp;apos;browser&amp;apos; is required by BeforeTest on method launchBrowser but has not been marked @Optional or defined
in C:\Users\jadha\java demo\Javaworld\mycode\Application_reddif\test-output\testng-failed.xml">
      <![CDATA[org.testng.TestNGException: 
Parameter 'browser' is required by BeforeTest on method launchBrowser but has not been marked @Optional or defined
in C:\Users\jadha\java demo\Javaworld\mycode\Application_reddif\test-output\testng-failed.xml
... Removed 21 stack frames]]>
    </failure>
  </testcase> <!-- @BeforeTest launchBrowser -->
  <testcase classname="testNG.TestNG" name="@BeforeClass initializePomClasses" time="0.0">
    <skipped/>
  </testcase> <!-- @BeforeClass initializePomClasses -->
  <testcase classname="testNG.TestNG" name="@BeforeMethod vedioFunction" time="0.0">
    <skipped/>
  </testcase> <!-- @BeforeMethod vedioFunction -->
  <testcase classname="testNG.TestNG" name="@AfterMethod endBrowser" time="0.0">
    <skipped/>
  </testcase> <!-- @AfterMethod endBrowser -->
  <testcase classname="testNG.TestNG" name="@BeforeMethod vedioFunction" time="0.0">
    <skipped/>
  </testcase> <!-- @BeforeMethod vedioFunction -->
  <testcase classname="testNG.TestNG" name="@AfterMethod endBrowser" time="0.0">
    <skipped/>
  </testcase> <!-- @AfterMethod endBrowser -->
  <testcase classname="testNG.TestNG" name="@AfterClass closedBrowser" time="0.0">
    <skipped/>
  </testcase> <!-- @AfterClass closedBrowser -->
  <testcase classname="testNG.TestNG" name="toVerifyVedioTab" time="0.001">
    <skipped/>
  </testcase> <!-- toVerifyVedioTab -->
  <testcase classname="testNG.TestNG" name="toVerifyUploadVedio" time="0.0">
    <skipped/>
  </testcase> <!-- toVerifyUploadVedio -->
</testsuite> <!-- Default test(failed) -->
